<?xml version="1.0" encoding="UTF-8"?>
<!-- Generated by org.testng.reporters.JUnitXMLReporter -->
<testsuite ignored="0" hostname="DESKTOP-9FO86RH" failures="1" tests="2" name="Test" time="14.485" errors="0" timestamp="2024-11-14T22:44:50 IST">
  <testcase classname="com.ect.testcases.LoginTest" name="verify" time="4.628"/>
  <testcase classname="com.ect.testcases.LoginTest" name="verify" time="1.711">
    <failure type="java.lang.AssertionError" message="expected [true] but found [false]">
      <![CDATA[java.lang.AssertionError: expected [true] but found [false]
at com.ect.testcases.LoginTest.verify(LoginTest.java:33)
at java.base/java.util.ArrayList.forEach(ArrayList.java:1511)
... Removed 31 stack frames]]>
    </failure>
  </testcase> <!-- verify -->
</testsuite> <!-- Test -->
